#! /c/Source/iverilog-install/bin/vvp
:ivl_version "12.0 (devel)" "(s20150603-1110-g18392a46)";
:ivl_delay_selection "TYPICAL";
:vpi_time_precision - 9;
:vpi_module "C:\iverilog\lib\ivl\system.vpi";
:vpi_module "C:\iverilog\lib\ivl\vhdl_sys.vpi";
:vpi_module "C:\iverilog\lib\ivl\vhdl_textio.vpi";
:vpi_module "C:\iverilog\lib\ivl\v2005_math.vpi";
:vpi_module "C:\iverilog\lib\ivl\va_math.vpi";
S_00000194eb896b70 .scope module, "register_64_bit" "register_64_bit" 2 4;
 .timescale -9 -9;
    .port_info 0 /INPUT 64 "dataIn";
    .port_info 1 /INPUT 1 "E";
    .port_info 2 /INPUT 1 "Clk";
    .port_info 3 /INPUT 1 "RW";
    .port_info 4 /OUTPUT 64 "dataOut";
o00000194eb6e6fb8 .functor BUFZ 1, C4<z>; HiZ drive
v00000194eb896d00_0 .net "Clk", 0 0, o00000194eb6e6fb8;  0 drivers
o00000194eb6e6fe8 .functor BUFZ 1, C4<z>; HiZ drive
v00000194eb896da0_0 .net "E", 0 0, o00000194eb6e6fe8;  0 drivers
v00000194eb896e40_0 .var "Q", 63 0;
o00000194eb6e7048 .functor BUFZ 1, C4<z>; HiZ drive
v00000194eb896ee0_0 .net "RW", 0 0, o00000194eb6e7048;  0 drivers
o00000194eb6e7078 .functor BUFZ 64, C4<zzzzzzzzzzzzzzzzzzzzzzzzzzzzzzzzzzzzzzzzzzzzzzzzzzzzzzzzzzzzzzzz>; HiZ drive
v00000194eb896f80_0 .net "dataIn", 63 0, o00000194eb6e7078;  0 drivers
v00000194eb89d470_0 .var "dataOut", 63 0;
E_00000194eb8982a0 .event posedge, v00000194eb896d00_0;
    .scope S_00000194eb896b70;
T_0 ;
    %wait E_00000194eb8982a0;
    %load/vec4 v00000194eb896da0_0;
    %flag_set/vec4 8;
    %jmp/0xz  T_0.0, 8;
    %load/vec4 v00000194eb896ee0_0;
    %nor/r;
    %flag_set/vec4 8;
    %jmp/0xz  T_0.2, 8;
    %load/vec4 v00000194eb896f80_0;
    %store/vec4 v00000194eb896e40_0, 0, 64;
    %jmp T_0.3;
T_0.2 ;
    %load/vec4 v00000194eb896e40_0;
    %store/vec4 v00000194eb89d470_0, 0, 64;
T_0.3 ;
T_0.0 ;
    %jmp T_0;
    .thread T_0;
# The file index is used to find the file name in the following table.
:file_names 3;
    "N/A";
    "<interactive>";
    "register_64_bit.v";
