#! /c/Source/iverilog-install/bin/vvp
:ivl_version "12.0 (devel)" "(s20150603-1110-g18392a46)";
:ivl_delay_selection "TYPICAL";
:vpi_time_precision - 9;
:vpi_module "C:\iverilog\lib\ivl\system.vpi";
:vpi_module "C:\iverilog\lib\ivl\vhdl_sys.vpi";
:vpi_module "C:\iverilog\lib\ivl\vhdl_textio.vpi";
:vpi_module "C:\iverilog\lib\ivl\v2005_math.vpi";
:vpi_module "C:\iverilog\lib\ivl\va_math.vpi";
S_000002225d89cb80 .scope module, "data_memory_64_bit_tb" "data_memory_64_bit_tb" 2 6;
 .timescale -9 -9;
P_000002225d8991e0 .param/l "delay" 0 2 13, +C4<00000000000000000000000000010100>;
v000002225d72f200_0 .var "E", 0 0;
v000002225d72f2a0_0 .var "address", 63 0;
v000002225d72f340_0 .var "clk", 0 0;
v000002225d72f3e0_0 .var "mem_read", 0 0;
v000002225d72f480_0 .var "mem_write", 0 0;
v000002225d72f520_0 .net "read_data", 63 0, v000002225d72f0c0_0;  1 drivers
v000002225d72f5c0_0 .var "write_data", 63 0;
S_000002225d89cd10 .scope module, "data_memory" "data_memory_64_bit" 2 12, 3 4 0, S_000002225d89cb80;
 .timescale -9 -9;
    .port_info 0 /INPUT 1 "clk";
    .port_info 1 /INPUT 1 "E";
    .port_info 2 /INPUT 64 "address";
    .port_info 3 /INPUT 64 "write_data";
    .port_info 4 /INPUT 1 "mem_write";
    .port_info 5 /INPUT 1 "mem_read";
    .port_info 6 /OUTPUT 64 "read_data";
v000002225d89cea0_0 .net "E", 0 0, v000002225d72f200_0;  1 drivers
v000002225d896fe0 .array "Q", 1023 0, 63 0;
v000002225d89cf40_0 .net "address", 63 0, v000002225d72f2a0_0;  1 drivers
v000002225d6e4410_0 .net "clk", 0 0, v000002225d72f340_0;  1 drivers
v000002225d6e44b0_0 .net "mem_read", 0 0, v000002225d72f3e0_0;  1 drivers
v000002225d72f020_0 .net "mem_write", 0 0, v000002225d72f480_0;  1 drivers
v000002225d72f0c0_0 .var "read_data", 63 0;
v000002225d72f160_0 .net "write_data", 63 0, v000002225d72f5c0_0;  1 drivers
E_000002225d8999e0 .event posedge, v000002225d6e4410_0;
    .scope S_000002225d89cd10;
T_0 ;
    %wait E_000002225d8999e0;
    %load/vec4 v000002225d89cea0_0;
    %flag_set/vec4 8;
    %jmp/0xz  T_0.0, 8;
    %load/vec4 v000002225d72f020_0;
    %flag_set/vec4 8;
    %jmp/0xz  T_0.2, 8;
    %load/vec4 v000002225d72f160_0;
    %ix/getv 4, v000002225d89cf40_0;
    %store/vec4a v000002225d896fe0, 4, 0;
T_0.2 ;
    %load/vec4 v000002225d6e44b0_0;
    %flag_set/vec4 8;
    %jmp/0xz  T_0.4, 8;
    %ix/getv 4, v000002225d89cf40_0;
    %load/vec4a v000002225d896fe0, 4;
    %store/vec4 v000002225d72f0c0_0, 0, 64;
T_0.4 ;
T_0.0 ;
    %jmp T_0;
    .thread T_0;
    .scope S_000002225d89cb80;
T_1 ;
    %vpi_call 2 16 "$dumpfile", "data_memory_64_bit_tb.vcd" {0 0 0};
    %vpi_call 2 17 "$dumpvars", 32'sb00000000000000000000000000000000, S_000002225d89cb80 {0 0 0};
    %pushi/vec4 1, 0, 1;
    %store/vec4 v000002225d72f200_0, 0, 1;
    %pushi/vec4 1, 0, 1;
    %store/vec4 v000002225d72f340_0, 0, 1;
    %pushi/vec4 23, 0, 64;
    %store/vec4 v000002225d72f2a0_0, 0, 64;
    %pushi/vec4 80, 0, 64;
    %store/vec4 v000002225d72f5c0_0, 0, 64;
    %pushi/vec4 1, 0, 1;
    %store/vec4 v000002225d72f480_0, 0, 1;
    %pushi/vec4 0, 0, 1;
    %store/vec4 v000002225d72f3e0_0, 0, 1;
    %delay 20, 0;
    %pushi/vec4 0, 0, 1;
    %store/vec4 v000002225d72f340_0, 0, 1;
    %delay 20, 0;
    %pushi/vec4 1, 0, 1;
    %store/vec4 v000002225d72f340_0, 0, 1;
    %pushi/vec4 0, 0, 1;
    %store/vec4 v000002225d72f480_0, 0, 1;
    %pushi/vec4 1, 0, 1;
    %store/vec4 v000002225d72f3e0_0, 0, 1;
    %delay 20, 0;
    %pushi/vec4 0, 0, 1;
    %store/vec4 v000002225d72f340_0, 0, 1;
    %delay 20, 0;
    %pushi/vec4 1, 0, 1;
    %store/vec4 v000002225d72f340_0, 0, 1;
    %pushi/vec4 20, 0, 64;
    %store/vec4 v000002225d72f2a0_0, 0, 64;
    %pushi/vec4 42, 0, 64;
    %store/vec4 v000002225d72f5c0_0, 0, 64;
    %pushi/vec4 1, 0, 1;
    %store/vec4 v000002225d72f480_0, 0, 1;
    %pushi/vec4 1, 0, 1;
    %store/vec4 v000002225d72f3e0_0, 0, 1;
    %delay 20, 0;
    %pushi/vec4 0, 0, 1;
    %store/vec4 v000002225d72f340_0, 0, 1;
    %delay 20, 0;
    %pushi/vec4 0, 0, 1;
    %store/vec4 v000002225d72f200_0, 0, 1;
    %pushi/vec4 1, 0, 1;
    %store/vec4 v000002225d72f340_0, 0, 1;
    %pushi/vec4 23, 0, 64;
    %store/vec4 v000002225d72f2a0_0, 0, 64;
    %pushi/vec4 80, 0, 64;
    %store/vec4 v000002225d72f5c0_0, 0, 64;
    %pushi/vec4 1, 0, 1;
    %store/vec4 v000002225d72f480_0, 0, 1;
    %pushi/vec4 1, 0, 1;
    %store/vec4 v000002225d72f3e0_0, 0, 1;
    %delay 20, 0;
    %pushi/vec4 0, 0, 1;
    %store/vec4 v000002225d72f340_0, 0, 1;
    %delay 20, 0;
    %pushi/vec4 1, 0, 1;
    %store/vec4 v000002225d72f340_0, 0, 1;
    %pushi/vec4 0, 0, 1;
    %store/vec4 v000002225d72f480_0, 0, 1;
    %pushi/vec4 1, 0, 1;
    %store/vec4 v000002225d72f3e0_0, 0, 1;
    %delay 20, 0;
    %vpi_call 2 64 "$display", "Finish" {0 0 0};
    %end;
    .thread T_1;
# The file index is used to find the file name in the following table.
:file_names 4;
    "N/A";
    "<interactive>";
    "data_memory_64_bit_tb.v";
    "./data_memory_64_bit.v";
